INFO [2023-10-06 10:28:13] $x
INFO [2023-10-06 10:28:13] list(genelist_DEGs, genelist_DMGs)
INFO [2023-10-06 10:28:13] 
INFO [2023-10-06 10:28:13] $category.names
INFO [2023-10-06 10:28:13] c("DEGs", "DMGs")
INFO [2023-10-06 10:28:13] 
INFO [2023-10-06 10:28:13] $filename
INFO [2023-10-06 10:28:13] [1] "review/DMG_DEG_venn_diagramm.png"
INFO [2023-10-06 10:28:13] 
INFO [2023-10-06 10:28:13] $output
INFO [2023-10-06 10:28:13] [1] TRUE
INFO [2023-10-06 10:28:13] 
INFO [2023-10-06 10:28:13] $imagetype
INFO [2023-10-06 10:28:13] [1] "png"
INFO [2023-10-06 10:28:13] 
INFO [2023-10-06 10:28:13] $height
INFO [2023-10-06 10:28:13] [1] 480
INFO [2023-10-06 10:28:13] 
INFO [2023-10-06 10:28:13] $width
INFO [2023-10-06 10:28:13] [1] 480
INFO [2023-10-06 10:28:13] 
INFO [2023-10-06 10:28:13] $resolution
INFO [2023-10-06 10:28:13] [1] 300
INFO [2023-10-06 10:28:13] 
INFO [2023-10-06 10:28:13] $compression
INFO [2023-10-06 10:28:13] [1] "lzw"
INFO [2023-10-06 10:28:13] 
INFO [2023-10-06 10:28:13] $lwd
INFO [2023-10-06 10:28:13] [1] 2
INFO [2023-10-06 10:28:13] 
INFO [2023-10-06 10:28:13] $lty
INFO [2023-10-06 10:28:13] [1] "blank"
INFO [2023-10-06 10:28:13] 
INFO [2023-10-06 10:28:13] $fill
INFO [2023-10-06 10:28:13] myCol
INFO [2023-10-06 10:28:13] 
INFO [2023-10-06 10:28:13] $cex
INFO [2023-10-06 10:28:13] [1] 0.5
INFO [2023-10-06 10:28:13] 
INFO [2023-10-06 10:28:13] $fontface
INFO [2023-10-06 10:28:13] [1] "bold"
INFO [2023-10-06 10:28:13] 
INFO [2023-10-06 10:28:13] $fontfamily
INFO [2023-10-06 10:28:13] [1] "sans"
INFO [2023-10-06 10:28:13] 
INFO [2023-10-06 10:28:13] $cat.cex
INFO [2023-10-06 10:28:13] [1] 0.6
INFO [2023-10-06 10:28:13] 
INFO [2023-10-06 10:28:13] $cat.fontface
INFO [2023-10-06 10:28:13] [1] "bold"
INFO [2023-10-06 10:28:13] 
INFO [2023-10-06 10:28:13] $cat.default.pos
INFO [2023-10-06 10:28:13] [1] "outer"
INFO [2023-10-06 10:28:13] 
INFO [2023-10-06 10:28:13] $cat.pos
INFO [2023-10-06 10:28:13] c(-27, 27)
INFO [2023-10-06 10:28:13] 
INFO [2023-10-06 10:28:13] $cat.dist
INFO [2023-10-06 10:28:13] c(0.055, 0.055)
INFO [2023-10-06 10:28:13] 
INFO [2023-10-06 10:28:13] $cat.fontfamily
INFO [2023-10-06 10:28:13] [1] "sans"
INFO [2023-10-06 10:28:13] 
