[2020-09-21 16:01:48,349] multiqc                                            [DEBUG  ]  No MultiQC config found: /home/jrodr979/.conda/envs/my_anaconda/lib/python3.8/site-packages/multiqc_config.yaml
[2020-09-21 16:01:48,349] multiqc                                            [DEBUG  ]  No MultiQC config found: /home/jrodr979/.multiqc_config.yaml
[2020-09-21 16:01:48,350] multiqc                                            [DEBUG  ]  No MultiQC config found: multiqc_config.yaml
[2020-09-21 16:01:48,350] multiqc                                            [DEBUG  ]  Command used: /home/jrodr979/.conda/envs/my_anaconda/bin/multiqc .
[2020-09-21 16:01:54,599] multiqc                                            [DEBUG  ]  Could not connect to multiqc.info for version check: The read operation timed out
[2020-09-21 16:01:54,601] multiqc                                            [INFO   ]  This is MultiQC v1.9
[2020-09-21 16:01:54,601] multiqc                                            [DEBUG  ]  Command     : /home/jrodr979/.conda/envs/my_anaconda/bin/multiqc .
[2020-09-21 16:01:54,601] multiqc                                            [DEBUG  ]  Working dir : /scratch/jrodr979/Clonal_divergence_paper/ITS_seq_FastQC_raw
[2020-09-21 16:01:54,601] multiqc                                            [INFO   ]  Template    : default
[2020-09-21 16:01:54,602] multiqc                                            [DEBUG  ]  Running Python 3.8.3 (default, Jul  2 2020, 16:21:59)  [GCC 7.3.0]
[2020-09-21 16:01:54,602] multiqc                                            [INFO   ]  Searching   : /scratch/jrodr979/Clonal_divergence_paper/ITS_seq_FastQC_raw
[2020-09-21 16:01:54,603] multiqc                                            [DEBUG  ]  Analysing modules: custom_content, conpair, peddy, somalier, methylQA, mosdepth, phantompeakqualtools, qualimap, preseq, quast, qorts, rna_seqc, rockhopper, rsem, rseqc, busco, goleft_indexcov, disambiguate, supernova, deeptools, sargasso, verifybamid, mirtrace, happy, mirtop, homer, macs2, theta2, snpeff, gatk, htseq, bcftools, featureCounts, fgbio, dragen, dedup, damageprofiler, biobambam2, mtnucratio, picard, prokka, samblaster, samtools, sexdeterrmine, bamtools, jellyfish, vcftools, longranger, stacks, varscan2, bbmap, bismark, biscuit, hicexplorer, hicup, hicpro, salmon, kallisto, slamdunk, star, hisat2, tophat, bowtie2, bowtie1, snpsplit, kat, leehom, adapterRemoval, clipandmerge, cutadapt, flexbar, kaiju, kraken, malt, trimmomatic, sickle, skewer, sortmerna, biobloomtools, fastq_screen, afterqc, fastp, fastqc, pycoqc, minionqc, multivcfanalyzer, clusterflow, bcl2fastq, interop, ivar, flash, seqyclean
[2020-09-21 16:01:54,603] multiqc                                            [DEBUG  ]  Using temporary directory for creating report: /tmp/tmpameizpck
[2020-09-21 16:01:54,994] multiqc                                            [DEBUG  ]  File ignored by hicexplorer because it exceeded search pattern filesize limit: ITS023_S23_L001_R2_001_fastqc.html
[2020-09-21 16:01:54,997] multiqc                                            [DEBUG  ]  File ignored by longranger/invocation because it exceeded search pattern filesize limit: ITS023_S23_L001_R2_001_fastqc.html
[2020-09-21 16:01:55,115] multiqc                                            [DEBUG  ]  File ignored by hicexplorer because it exceeded search pattern filesize limit: ITS019_S19_L001_R2_001_fastqc.html
[2020-09-21 16:01:55,118] multiqc                                            [DEBUG  ]  File ignored by longranger/invocation because it exceeded search pattern filesize limit: ITS019_S19_L001_R2_001_fastqc.html
[2020-09-21 16:01:55,194] multiqc                                            [DEBUG  ]  File ignored by hicexplorer because it exceeded search pattern filesize limit: ITS021_S21_L001_R2_001_fastqc.html
[2020-09-21 16:01:55,196] multiqc                                            [DEBUG  ]  File ignored by longranger/invocation because it exceeded search pattern filesize limit: ITS021_S21_L001_R2_001_fastqc.html
[2020-09-21 16:01:55,275] multiqc                                            [DEBUG  ]  File ignored by hicexplorer because it exceeded search pattern filesize limit: ITS004_S4_L001_R1_001_fastqc.html
[2020-09-21 16:01:55,278] multiqc                                            [DEBUG  ]  File ignored by longranger/invocation because it exceeded search pattern filesize limit: ITS004_S4_L001_R1_001_fastqc.html
[2020-09-21 16:01:55,353] multiqc                                            [DEBUG  ]  File ignored by hicexplorer because it exceeded search pattern filesize limit: ITS001_S1_L001_R1_001_fastqc.html
[2020-09-21 16:01:55,355] multiqc                                            [DEBUG  ]  File ignored by longranger/invocation because it exceeded search pattern filesize limit: ITS001_S1_L001_R1_001_fastqc.html
[2020-09-21 16:01:55,429] multiqc                                            [DEBUG  ]  File ignored by hicexplorer because it exceeded search pattern filesize limit: ITS022_S22_L001_R2_001_fastqc.html
[2020-09-21 16:01:55,431] multiqc                                            [DEBUG  ]  File ignored by longranger/invocation because it exceeded search pattern filesize limit: ITS022_S22_L001_R2_001_fastqc.html
[2020-09-21 16:01:55,507] multiqc                                            [DEBUG  ]  File ignored by hicexplorer because it exceeded search pattern filesize limit: ITS006_S6_L001_R2_001_fastqc.html
[2020-09-21 16:01:55,509] multiqc                                            [DEBUG  ]  File ignored by longranger/invocation because it exceeded search pattern filesize limit: ITS006_S6_L001_R2_001_fastqc.html
[2020-09-21 16:01:55,586] multiqc                                            [DEBUG  ]  File ignored by hicexplorer because it exceeded search pattern filesize limit: ITS006_S6_L001_R1_001_fastqc.html
[2020-09-21 16:01:55,588] multiqc                                            [DEBUG  ]  File ignored by longranger/invocation because it exceeded search pattern filesize limit: ITS006_S6_L001_R1_001_fastqc.html
[2020-09-21 16:01:55,671] multiqc                                            [DEBUG  ]  File ignored by hicexplorer because it exceeded search pattern filesize limit: ITS018_S18_L001_R1_001_fastqc.html
[2020-09-21 16:01:55,674] multiqc                                            [DEBUG  ]  File ignored by longranger/invocation because it exceeded search pattern filesize limit: ITS018_S18_L001_R1_001_fastqc.html
[2020-09-21 16:01:55,750] multiqc                                            [DEBUG  ]  File ignored by hicexplorer because it exceeded search pattern filesize limit: ITS001_S1_L001_R2_001_fastqc.html
[2020-09-21 16:01:55,753] multiqc                                            [DEBUG  ]  File ignored by longranger/invocation because it exceeded search pattern filesize limit: ITS001_S1_L001_R2_001_fastqc.html
[2020-09-21 16:01:55,825] multiqc                                            [DEBUG  ]  File ignored by hicexplorer because it exceeded search pattern filesize limit: ITS008_S8_L001_R1_001_fastqc.html
[2020-09-21 16:01:55,828] multiqc                                            [DEBUG  ]  File ignored by longranger/invocation because it exceeded search pattern filesize limit: ITS008_S8_L001_R1_001_fastqc.html
[2020-09-21 16:01:55,906] multiqc                                            [DEBUG  ]  File ignored by hicexplorer because it exceeded search pattern filesize limit: ITS012_S12_L001_R2_001_fastqc.html
[2020-09-21 16:01:55,910] multiqc                                            [DEBUG  ]  File ignored by longranger/invocation because it exceeded search pattern filesize limit: ITS012_S12_L001_R2_001_fastqc.html
[2020-09-21 16:01:55,983] multiqc                                            [DEBUG  ]  File ignored by hicexplorer because it exceeded search pattern filesize limit: ITS004_S4_L001_R2_001_fastqc.html
[2020-09-21 16:01:55,985] multiqc                                            [DEBUG  ]  File ignored by longranger/invocation because it exceeded search pattern filesize limit: ITS004_S4_L001_R2_001_fastqc.html
[2020-09-21 16:01:56,060] multiqc                                            [DEBUG  ]  File ignored by hicexplorer because it exceeded search pattern filesize limit: ITS020_S20_L001_R1_001_fastqc.html
[2020-09-21 16:01:56,063] multiqc                                            [DEBUG  ]  File ignored by longranger/invocation because it exceeded search pattern filesize limit: ITS020_S20_L001_R1_001_fastqc.html
[2020-09-21 16:01:56,136] multiqc                                            [DEBUG  ]  File ignored by hicexplorer because it exceeded search pattern filesize limit: ITS017_S17_L001_R2_001_fastqc.html
[2020-09-21 16:01:56,138] multiqc                                            [DEBUG  ]  File ignored by longranger/invocation because it exceeded search pattern filesize limit: ITS017_S17_L001_R2_001_fastqc.html
[2020-09-21 16:01:56,215] multiqc                                            [DEBUG  ]  File ignored by hicexplorer because it exceeded search pattern filesize limit: ITS021_S21_L001_R1_001_fastqc.html
[2020-09-21 16:01:56,218] multiqc                                            [DEBUG  ]  File ignored by longranger/invocation because it exceeded search pattern filesize limit: ITS021_S21_L001_R1_001_fastqc.html
[2020-09-21 16:01:56,297] multiqc                                            [DEBUG  ]  File ignored by hicexplorer because it exceeded search pattern filesize limit: ITS007_S7_L001_R1_001_fastqc.html
[2020-09-21 16:01:56,300] multiqc                                            [DEBUG  ]  File ignored by longranger/invocation because it exceeded search pattern filesize limit: ITS007_S7_L001_R1_001_fastqc.html
[2020-09-21 16:01:56,384] multiqc                                            [DEBUG  ]  File ignored by hicexplorer because it exceeded search pattern filesize limit: ITS011_S11_L001_R2_001_fastqc.html
[2020-09-21 16:01:56,387] multiqc                                            [DEBUG  ]  File ignored by longranger/invocation because it exceeded search pattern filesize limit: ITS011_S11_L001_R2_001_fastqc.html
[2020-09-21 16:01:56,466] multiqc                                            [DEBUG  ]  File ignored by hicexplorer because it exceeded search pattern filesize limit: ITS018_S18_L001_R2_001_fastqc.html
[2020-09-21 16:01:56,468] multiqc                                            [DEBUG  ]  File ignored by longranger/invocation because it exceeded search pattern filesize limit: ITS018_S18_L001_R2_001_fastqc.html
[2020-09-21 16:01:56,543] multiqc                                            [DEBUG  ]  File ignored by hicexplorer because it exceeded search pattern filesize limit: ITS024_S24_L001_R1_001_fastqc.html
[2020-09-21 16:01:56,545] multiqc                                            [DEBUG  ]  File ignored by longranger/invocation because it exceeded search pattern filesize limit: ITS024_S24_L001_R1_001_fastqc.html
[2020-09-21 16:01:56,615] multiqc                                            [DEBUG  ]  File ignored by hicexplorer because it exceeded search pattern filesize limit: ITS013_S13_L001_R2_001_fastqc.html
[2020-09-21 16:01:56,617] multiqc                                            [DEBUG  ]  File ignored by longranger/invocation because it exceeded search pattern filesize limit: ITS013_S13_L001_R2_001_fastqc.html
[2020-09-21 16:01:56,691] multiqc                                            [DEBUG  ]  File ignored by hicexplorer because it exceeded search pattern filesize limit: ITS009_S9_L001_R1_001_fastqc.html
[2020-09-21 16:01:56,693] multiqc                                            [DEBUG  ]  File ignored by longranger/invocation because it exceeded search pattern filesize limit: ITS009_S9_L001_R1_001_fastqc.html
[2020-09-21 16:01:56,768] multiqc                                            [DEBUG  ]  File ignored by hicexplorer because it exceeded search pattern filesize limit: ITS009_S9_L001_R2_001_fastqc.html
[2020-09-21 16:01:56,771] multiqc                                            [DEBUG  ]  File ignored by longranger/invocation because it exceeded search pattern filesize limit: ITS009_S9_L001_R2_001_fastqc.html
[2020-09-21 16:01:56,846] multiqc                                            [DEBUG  ]  File ignored by hicexplorer because it exceeded search pattern filesize limit: ITS014_S14_L001_R2_001_fastqc.html
[2020-09-21 16:01:56,848] multiqc                                            [DEBUG  ]  File ignored by longranger/invocation because it exceeded search pattern filesize limit: ITS014_S14_L001_R2_001_fastqc.html
[2020-09-21 16:01:56,920] multiqc                                            [DEBUG  ]  File ignored by hicexplorer because it exceeded search pattern filesize limit: ITS011_S11_L001_R1_001_fastqc.html
[2020-09-21 16:01:56,923] multiqc                                            [DEBUG  ]  File ignored by longranger/invocation because it exceeded search pattern filesize limit: ITS011_S11_L001_R1_001_fastqc.html
[2020-09-21 16:01:56,996] multiqc                                            [DEBUG  ]  File ignored by hicexplorer because it exceeded search pattern filesize limit: ITS002_S2_L001_R1_001_fastqc.html
[2020-09-21 16:01:56,999] multiqc                                            [DEBUG  ]  File ignored by longranger/invocation because it exceeded search pattern filesize limit: ITS002_S2_L001_R1_001_fastqc.html
[2020-09-21 16:01:57,071] multiqc                                            [DEBUG  ]  File ignored by hicexplorer because it exceeded search pattern filesize limit: ITS013_S13_L001_R1_001_fastqc.html
[2020-09-21 16:01:57,073] multiqc                                            [DEBUG  ]  File ignored by longranger/invocation because it exceeded search pattern filesize limit: ITS013_S13_L001_R1_001_fastqc.html
[2020-09-21 16:01:57,136] multiqc                                            [DEBUG  ]  File ignored by hicexplorer because it exceeded search pattern filesize limit: ITS005_S5_L001_R2_001_fastqc.html
[2020-09-21 16:01:57,138] multiqc                                            [DEBUG  ]  File ignored by longranger/invocation because it exceeded search pattern filesize limit: ITS005_S5_L001_R2_001_fastqc.html
[2020-09-21 16:01:57,204] multiqc                                            [DEBUG  ]  File ignored by hicexplorer because it exceeded search pattern filesize limit: ITS002_S2_L001_R2_001_fastqc.html
[2020-09-21 16:01:57,206] multiqc                                            [DEBUG  ]  File ignored by longranger/invocation because it exceeded search pattern filesize limit: ITS002_S2_L001_R2_001_fastqc.html
[2020-09-21 16:01:57,272] multiqc                                            [DEBUG  ]  File ignored by hicexplorer because it exceeded search pattern filesize limit: ITS010_S10_L001_R1_001_fastqc.html
[2020-09-21 16:01:57,273] multiqc                                            [DEBUG  ]  File ignored by longranger/invocation because it exceeded search pattern filesize limit: ITS010_S10_L001_R1_001_fastqc.html
[2020-09-21 16:01:57,342] multiqc                                            [DEBUG  ]  File ignored by hicexplorer because it exceeded search pattern filesize limit: ITS024_S24_L001_R2_001_fastqc.html
[2020-09-21 16:01:57,344] multiqc                                            [DEBUG  ]  File ignored by longranger/invocation because it exceeded search pattern filesize limit: ITS024_S24_L001_R2_001_fastqc.html
[2020-09-21 16:01:57,408] multiqc                                            [DEBUG  ]  File ignored by hicexplorer because it exceeded search pattern filesize limit: ITS014_S14_L001_R1_001_fastqc.html
[2020-09-21 16:01:57,410] multiqc                                            [DEBUG  ]  File ignored by longranger/invocation because it exceeded search pattern filesize limit: ITS014_S14_L001_R1_001_fastqc.html
[2020-09-21 16:01:57,470] multiqc                                            [DEBUG  ]  File ignored by hicexplorer because it exceeded search pattern filesize limit: ITS012_S12_L001_R1_001_fastqc.html
[2020-09-21 16:01:57,472] multiqc                                            [DEBUG  ]  File ignored by longranger/invocation because it exceeded search pattern filesize limit: ITS012_S12_L001_R1_001_fastqc.html
[2020-09-21 16:01:57,543] multiqc                                            [DEBUG  ]  File ignored by hicexplorer because it exceeded search pattern filesize limit: ITS015_S15_L001_R1_001_fastqc.html
[2020-09-21 16:01:57,545] multiqc                                            [DEBUG  ]  File ignored by longranger/invocation because it exceeded search pattern filesize limit: ITS015_S15_L001_R1_001_fastqc.html
[2020-09-21 16:01:57,607] multiqc                                            [DEBUG  ]  File ignored by hicexplorer because it exceeded search pattern filesize limit: ITS008_S8_L001_R2_001_fastqc.html
[2020-09-21 16:01:57,609] multiqc                                            [DEBUG  ]  File ignored by longranger/invocation because it exceeded search pattern filesize limit: ITS008_S8_L001_R2_001_fastqc.html
[2020-09-21 16:01:57,671] multiqc                                            [DEBUG  ]  File ignored by hicexplorer because it exceeded search pattern filesize limit: ITS023_S23_L001_R1_001_fastqc.html
[2020-09-21 16:01:57,673] multiqc                                            [DEBUG  ]  File ignored by longranger/invocation because it exceeded search pattern filesize limit: ITS023_S23_L001_R1_001_fastqc.html
[2020-09-21 16:01:57,735] multiqc                                            [DEBUG  ]  File ignored by hicexplorer because it exceeded search pattern filesize limit: ITS010_S10_L001_R2_001_fastqc.html
[2020-09-21 16:01:57,737] multiqc                                            [DEBUG  ]  File ignored by longranger/invocation because it exceeded search pattern filesize limit: ITS010_S10_L001_R2_001_fastqc.html
[2020-09-21 16:01:58,552] multiqc                                            [DEBUG  ]  File ignored by hicexplorer because it exceeded search pattern filesize limit: ITS016_S16_L001_R1_001_fastqc.html
[2020-09-21 16:01:58,554] multiqc                                            [DEBUG  ]  File ignored by longranger/invocation because it exceeded search pattern filesize limit: ITS016_S16_L001_R1_001_fastqc.html
[2020-09-21 16:01:58,650] multiqc                                            [DEBUG  ]  File ignored by hicexplorer because it exceeded search pattern filesize limit: ITS022_S22_L001_R1_001_fastqc.html
[2020-09-21 16:01:58,653] multiqc                                            [DEBUG  ]  File ignored by longranger/invocation because it exceeded search pattern filesize limit: ITS022_S22_L001_R1_001_fastqc.html
[2020-09-21 16:01:58,727] multiqc                                            [DEBUG  ]  File ignored by hicexplorer because it exceeded search pattern filesize limit: ITS017_S17_L001_R1_001_fastqc.html
[2020-09-21 16:01:58,729] multiqc                                            [DEBUG  ]  File ignored by longranger/invocation because it exceeded search pattern filesize limit: ITS017_S17_L001_R1_001_fastqc.html
[2020-09-21 16:01:58,800] multiqc                                            [DEBUG  ]  File ignored by hicexplorer because it exceeded search pattern filesize limit: ITS020_S20_L001_R2_001_fastqc.html
[2020-09-21 16:01:58,802] multiqc                                            [DEBUG  ]  File ignored by longranger/invocation because it exceeded search pattern filesize limit: ITS020_S20_L001_R2_001_fastqc.html
[2020-09-21 16:01:58,878] multiqc                                            [DEBUG  ]  File ignored by hicexplorer because it exceeded search pattern filesize limit: ITS003_S3_L001_R1_001_fastqc.html
[2020-09-21 16:01:58,881] multiqc                                            [DEBUG  ]  File ignored by longranger/invocation because it exceeded search pattern filesize limit: ITS003_S3_L001_R1_001_fastqc.html
[2020-09-21 16:01:58,982] multiqc                                            [DEBUG  ]  File ignored by hicexplorer because it exceeded search pattern filesize limit: ITS005_S5_L001_R1_001_fastqc.html
[2020-09-21 16:01:58,984] multiqc                                            [DEBUG  ]  File ignored by longranger/invocation because it exceeded search pattern filesize limit: ITS005_S5_L001_R1_001_fastqc.html
[2020-09-21 16:01:59,080] multiqc                                            [DEBUG  ]  File ignored by hicexplorer because it exceeded search pattern filesize limit: ITS019_S19_L001_R1_001_fastqc.html
[2020-09-21 16:01:59,083] multiqc                                            [DEBUG  ]  File ignored by longranger/invocation because it exceeded search pattern filesize limit: ITS019_S19_L001_R1_001_fastqc.html
[2020-09-21 16:02:01,266] multiqc                                            [DEBUG  ]  File ignored by hicexplorer because it exceeded search pattern filesize limit: ITS015_S15_L001_R2_001_fastqc.html
[2020-09-21 16:02:01,268] multiqc                                            [DEBUG  ]  File ignored by longranger/invocation because it exceeded search pattern filesize limit: ITS015_S15_L001_R2_001_fastqc.html
[2020-09-21 16:02:01,350] multiqc                                            [DEBUG  ]  File ignored by hicexplorer because it exceeded search pattern filesize limit: ITS003_S3_L001_R2_001_fastqc.html
[2020-09-21 16:02:01,352] multiqc                                            [DEBUG  ]  File ignored by longranger/invocation because it exceeded search pattern filesize limit: ITS003_S3_L001_R2_001_fastqc.html
[2020-09-21 16:02:01,450] multiqc                                            [DEBUG  ]  File ignored by hicexplorer because it exceeded search pattern filesize limit: ITS007_S7_L001_R2_001_fastqc.html
[2020-09-21 16:02:01,452] multiqc                                            [DEBUG  ]  File ignored by longranger/invocation because it exceeded search pattern filesize limit: ITS007_S7_L001_R2_001_fastqc.html
[2020-09-21 16:02:01,584] multiqc                                            [DEBUG  ]  File ignored by hicexplorer because it exceeded search pattern filesize limit: ITS016_S16_L001_R2_001_fastqc.html
[2020-09-21 16:02:01,586] multiqc                                            [DEBUG  ]  File ignored by longranger/invocation because it exceeded search pattern filesize limit: ITS016_S16_L001_R2_001_fastqc.html
[2020-09-21 16:02:06,047] multiqc.plots.bargraph                             [DEBUG  ]  Using matplotlib version 3.2.2
[2020-09-21 16:02:06,061] multiqc.plots.linegraph                            [DEBUG  ]  Using matplotlib version 3.2.2
[2020-09-21 16:02:06,078] multiqc                                            [DEBUG  ]  No samples found: custom_content
[2020-09-21 16:02:06,086] multiqc                                            [DEBUG  ]  No samples found: conpair
[2020-09-21 16:02:06,095] multiqc                                            [DEBUG  ]  No samples found: peddy
[2020-09-21 16:02:06,103] multiqc                                            [DEBUG  ]  No samples found: somalier
[2020-09-21 16:02:06,125] multiqc                                            [DEBUG  ]  No samples found: methylQA
[2020-09-21 16:02:06,166] multiqc                                            [DEBUG  ]  No samples found: mosdepth
[2020-09-21 16:02:06,174] multiqc                                            [DEBUG  ]  No samples found: phantompeakqualtools
[2020-09-21 16:02:06,185] multiqc                                            [DEBUG  ]  No samples found: qualimap
[2020-09-21 16:02:06,193] multiqc                                            [DEBUG  ]  No samples found: preseq
[2020-09-21 16:02:06,200] multiqc                                            [DEBUG  ]  No samples found: quast
[2020-09-21 16:02:06,215] multiqc                                            [DEBUG  ]  No samples found: qorts
[2020-09-21 16:02:06,233] multiqc                                            [DEBUG  ]  No samples found: rna_seqc
[2020-09-21 16:02:06,249] multiqc                                            [DEBUG  ]  No samples found: rockhopper
[2020-09-21 16:02:06,271] multiqc                                            [DEBUG  ]  No samples found: rsem
[2020-09-21 16:02:06,355] multiqc                                            [DEBUG  ]  No samples found: rseqc
[2020-09-21 16:02:06,365] multiqc                                            [DEBUG  ]  No samples found: busco
[2020-09-21 16:02:06,374] multiqc                                            [DEBUG  ]  No samples found: goleft_indexcov
[2020-09-21 16:02:06,395] multiqc                                            [DEBUG  ]  No samples found: disambiguate
[2020-09-21 16:02:06,409] multiqc                                            [DEBUG  ]  No samples found: supernova
[2020-09-21 16:02:06,490] multiqc                                            [DEBUG  ]  No samples found: deeptools
[2020-09-21 16:02:06,499] multiqc                                            [DEBUG  ]  No samples found: sargasso
[2020-09-21 16:02:06,508] multiqc                                            [DEBUG  ]  No samples found: verifybamid
[2020-09-21 16:02:06,517] multiqc                                            [DEBUG  ]  No samples found: mirtrace
[2020-09-21 16:02:06,531] multiqc                                            [DEBUG  ]  No samples found: happy
[2020-09-21 16:02:06,541] multiqc                                            [DEBUG  ]  No samples found: mirtop
[2020-09-21 16:02:06,566] multiqc                                            [DEBUG  ]  No samples found: homer
[2020-09-21 16:02:06,578] multiqc                                            [DEBUG  ]  No samples found: macs2
[2020-09-21 16:02:06,588] multiqc                                            [DEBUG  ]  No samples found: theta2
[2020-09-21 16:02:06,598] multiqc                                            [DEBUG  ]  No samples found: snpeff
[2020-09-21 16:02:06,643] multiqc                                            [DEBUG  ]  No samples found: gatk
[2020-09-21 16:02:06,669] multiqc                                            [DEBUG  ]  No samples found: htseq
[2020-09-21 16:02:06,699] multiqc                                            [DEBUG  ]  No samples found: bcftools
[2020-09-21 16:02:06,707] multiqc                                            [DEBUG  ]  No samples found: featureCounts
[2020-09-21 16:02:06,721] multiqc                                            [DEBUG  ]  No samples found: fgbio
[2020-09-21 16:02:06,788] multiqc                                            [DEBUG  ]  No samples found: dragen
[2020-09-21 16:02:06,802] multiqc                                            [DEBUG  ]  No samples found: dedup
[2020-09-21 16:02:06,819] multiqc                                            [DEBUG  ]  No samples found: damageprofiler
[2020-09-21 16:02:06,966] multiqc                                            [DEBUG  ]  No samples found: biobambam2
[2020-09-21 16:02:06,975] multiqc                                            [DEBUG  ]  No samples found: mtnucratio
[2020-09-21 16:02:06,977] multiqc                                            [DEBUG  ]  No samples found: picard
[2020-09-21 16:02:06,986] multiqc                                            [DEBUG  ]  No samples found: prokka
[2020-09-21 16:02:07,003] multiqc                                            [DEBUG  ]  No samples found: samblaster
[2020-09-21 16:02:07,027] multiqc                                            [DEBUG  ]  No samples found: samtools
[2020-09-21 16:02:07,035] multiqc                                            [DEBUG  ]  No samples found: sexdeterrmine
[2020-09-21 16:02:07,053] multiqc                                            [DEBUG  ]  No samples found: bamtools
[2020-09-21 16:02:07,062] multiqc                                            [DEBUG  ]  No samples found: jellyfish
[2020-09-21 16:02:07,094] multiqc                                            [DEBUG  ]  No samples found: vcftools
[2020-09-21 16:02:07,120] multiqc                                            [DEBUG  ]  No samples found: longranger
[2020-09-21 16:02:07,132] multiqc                                            [DEBUG  ]  No samples found: stacks
[2020-09-21 16:02:07,144] multiqc                                            [DEBUG  ]  No samples found: varscan2
[2020-09-21 16:02:07,204] multiqc                                            [DEBUG  ]  No samples found: bbmap
[2020-09-21 16:02:07,212] multiqc                                            [DEBUG  ]  No samples found: bismark
[2020-09-21 16:02:07,232] multiqc                                            [DEBUG  ]  No samples found: biscuit
[2020-09-21 16:02:07,240] multiqc                                            [DEBUG  ]  No samples found: hicexplorer
[2020-09-21 16:02:07,248] multiqc                                            [DEBUG  ]  No samples found: hicup
[2020-09-21 16:02:07,256] multiqc                                            [DEBUG  ]  No samples found: hicpro
[2020-09-21 16:02:07,278] multiqc                                            [DEBUG  ]  No samples found: salmon
[2020-09-21 16:02:07,285] multiqc                                            [DEBUG  ]  No samples found: kallisto
[2020-09-21 16:02:07,293] multiqc                                            [DEBUG  ]  No samples found: slamdunk
[2020-09-21 16:02:07,300] multiqc                                            [DEBUG  ]  No samples found: star
[2020-09-21 16:02:07,307] multiqc                                            [DEBUG  ]  No samples found: hisat2
[2020-09-21 16:02:07,314] multiqc                                            [DEBUG  ]  No samples found: tophat
[2020-09-21 16:02:07,321] multiqc                                            [DEBUG  ]  No samples found: bowtie2
[2020-09-21 16:02:07,329] multiqc                                            [DEBUG  ]  No samples found: bowtie1
[2020-09-21 16:02:07,340] multiqc                                            [DEBUG  ]  No samples found: snpsplit
[2020-09-21 16:02:07,347] multiqc                                            [DEBUG  ]  No samples found: kat
[2020-09-21 16:02:07,401] multiqc                                            [DEBUG  ]  No samples found: leehom
[2020-09-21 16:02:07,420] multiqc                                            [DEBUG  ]  No samples found: adapterRemoval
[2020-09-21 16:02:07,428] multiqc                                            [DEBUG  ]  No samples found: clipandmerge
[2020-09-21 16:02:07,437] multiqc                                            [DEBUG  ]  No samples found: cutadapt
[2020-09-21 16:02:07,444] multiqc                                            [DEBUG  ]  No samples found: flexbar
[2020-09-21 16:02:07,452] multiqc                                            [DEBUG  ]  No samples found: kaiju
[2020-09-21 16:02:07,461] multiqc                                            [DEBUG  ]  No samples found: kraken
[2020-09-21 16:02:07,469] multiqc                                            [DEBUG  ]  No samples found: malt
[2020-09-21 16:02:07,477] multiqc                                            [DEBUG  ]  No samples found: trimmomatic
[2020-09-21 16:02:07,484] multiqc                                            [DEBUG  ]  No samples found: sickle
[2020-09-21 16:02:07,493] multiqc                                            [DEBUG  ]  No samples found: skewer
[2020-09-21 16:02:07,500] multiqc                                            [DEBUG  ]  No samples found: sortmerna
[2020-09-21 16:02:07,508] multiqc                                            [DEBUG  ]  No samples found: biobloomtools
[2020-09-21 16:02:07,516] multiqc                                            [DEBUG  ]  No samples found: fastq_screen
[2020-09-21 16:02:07,525] multiqc                                            [DEBUG  ]  No samples found: afterqc
[2020-09-21 16:02:07,533] multiqc                                            [DEBUG  ]  No samples found: fastp
[2020-09-21 16:02:09,058] multiqc.modules.fastqc.fastqc                      [INFO   ]  Found 48 reports
[2020-09-21 16:02:09,748] multiqc                                            [DEBUG  ]  No samples found: pycoqc
[2020-09-21 16:02:09,769] multiqc                                            [DEBUG  ]  No samples found: minionqc
[2020-09-21 16:02:09,778] multiqc                                            [DEBUG  ]  No samples found: multivcfanalyzer
[2020-09-21 16:02:09,800] multiqc                                            [DEBUG  ]  No samples found: clusterflow
[2020-09-21 16:02:09,810] multiqc                                            [DEBUG  ]  No samples found: bcl2fastq
[2020-09-21 16:02:09,834] multiqc                                            [DEBUG  ]  No samples found: interop
[2020-09-21 16:02:09,856] multiqc                                            [DEBUG  ]  No samples found: ivar
[2020-09-21 16:02:09,866] multiqc                                            [DEBUG  ]  No samples found: flash
[2020-09-21 16:02:09,874] multiqc                                            [DEBUG  ]  No samples found: seqyclean
[2020-09-21 16:02:09,941] multiqc                                            [INFO   ]  Compressing plot data
[2020-09-21 16:02:10,490] multiqc                                            [INFO   ]  Report      : multiqc_report.html
[2020-09-21 16:02:10,490] multiqc                                            [INFO   ]  Data        : multiqc_data
[2020-09-21 16:02:10,490] multiqc                                            [DEBUG  ]  Moving data file from '/tmp/tmpameizpck/multiqc_data' to '/scratch/jrodr979/Clonal_divergence_paper/ITS_seq_FastQC_raw/multiqc_data'
[2020-09-21 16:02:11,031] multiqc                                            [INFO   ]  MultiQC complete
