INFO [2022-08-23 18:07:49] $x
INFO [2022-08-23 18:07:49] list(genelist_DEGs, genelist_DMGs)
INFO [2022-08-23 18:07:49] 
INFO [2022-08-23 18:07:49] $category.names
INFO [2022-08-23 18:07:49] c("DEGs", "DMGs")
INFO [2022-08-23 18:07:49] 
INFO [2022-08-23 18:07:49] $filename
INFO [2022-08-23 18:07:49] [1] "output/DMG_DEG_venn_diagramm.png"
INFO [2022-08-23 18:07:49] 
INFO [2022-08-23 18:07:49] $output
INFO [2022-08-23 18:07:49] [1] TRUE
INFO [2022-08-23 18:07:49] 
INFO [2022-08-23 18:07:49] $imagetype
INFO [2022-08-23 18:07:49] [1] "png"
INFO [2022-08-23 18:07:49] 
INFO [2022-08-23 18:07:49] $height
INFO [2022-08-23 18:07:49] [1] 480
INFO [2022-08-23 18:07:49] 
INFO [2022-08-23 18:07:49] $width
INFO [2022-08-23 18:07:49] [1] 480
INFO [2022-08-23 18:07:49] 
INFO [2022-08-23 18:07:49] $resolution
INFO [2022-08-23 18:07:49] [1] 300
INFO [2022-08-23 18:07:49] 
INFO [2022-08-23 18:07:49] $compression
INFO [2022-08-23 18:07:49] [1] "lzw"
INFO [2022-08-23 18:07:49] 
INFO [2022-08-23 18:07:49] $lwd
INFO [2022-08-23 18:07:49] [1] 2
INFO [2022-08-23 18:07:49] 
INFO [2022-08-23 18:07:49] $lty
INFO [2022-08-23 18:07:49] [1] "blank"
INFO [2022-08-23 18:07:49] 
INFO [2022-08-23 18:07:49] $fill
INFO [2022-08-23 18:07:49] myCol
INFO [2022-08-23 18:07:49] 
INFO [2022-08-23 18:07:49] $cex
INFO [2022-08-23 18:07:49] [1] 0.5
INFO [2022-08-23 18:07:49] 
INFO [2022-08-23 18:07:49] $fontface
INFO [2022-08-23 18:07:49] [1] "bold"
INFO [2022-08-23 18:07:49] 
INFO [2022-08-23 18:07:49] $fontfamily
INFO [2022-08-23 18:07:49] [1] "sans"
INFO [2022-08-23 18:07:49] 
INFO [2022-08-23 18:07:49] $cat.cex
INFO [2022-08-23 18:07:49] [1] 0.6
INFO [2022-08-23 18:07:49] 
INFO [2022-08-23 18:07:49] $cat.fontface
INFO [2022-08-23 18:07:49] [1] "bold"
INFO [2022-08-23 18:07:49] 
INFO [2022-08-23 18:07:49] $cat.default.pos
INFO [2022-08-23 18:07:49] [1] "outer"
INFO [2022-08-23 18:07:49] 
INFO [2022-08-23 18:07:49] $cat.pos
INFO [2022-08-23 18:07:49] c(-27, 27)
INFO [2022-08-23 18:07:49] 
INFO [2022-08-23 18:07:49] $cat.dist
INFO [2022-08-23 18:07:49] c(0.055, 0.055)
INFO [2022-08-23 18:07:49] 
INFO [2022-08-23 18:07:49] $cat.fontfamily
INFO [2022-08-23 18:07:49] [1] "sans"
INFO [2022-08-23 18:07:49] 
