INFO [2022-08-23 15:53:41] $x
INFO [2022-08-23 15:53:41] list(genelist_DEGs, genelist_DMGs)
INFO [2022-08-23 15:53:41] 
INFO [2022-08-23 15:53:41] $category.names
INFO [2022-08-23 15:53:41] c("DEGs", "DMGs")
INFO [2022-08-23 15:53:41] 
INFO [2022-08-23 15:53:41] $filename
INFO [2022-08-23 15:53:41] [1] "output/DMG_DEG_venn_diagramm.png"
INFO [2022-08-23 15:53:41] 
INFO [2022-08-23 15:53:41] $output
INFO [2022-08-23 15:53:41] [1] TRUE
INFO [2022-08-23 15:53:41] 
INFO [2022-08-23 15:53:41] $imagetype
INFO [2022-08-23 15:53:41] [1] "png"
INFO [2022-08-23 15:53:41] 
INFO [2022-08-23 15:53:41] $height
INFO [2022-08-23 15:53:41] [1] 480
INFO [2022-08-23 15:53:41] 
INFO [2022-08-23 15:53:41] $width
INFO [2022-08-23 15:53:41] [1] 480
INFO [2022-08-23 15:53:41] 
INFO [2022-08-23 15:53:41] $resolution
INFO [2022-08-23 15:53:41] [1] 300
INFO [2022-08-23 15:53:41] 
INFO [2022-08-23 15:53:41] $compression
INFO [2022-08-23 15:53:41] [1] "lzw"
INFO [2022-08-23 15:53:41] 
INFO [2022-08-23 15:53:41] $lwd
INFO [2022-08-23 15:53:41] [1] 2
INFO [2022-08-23 15:53:41] 
INFO [2022-08-23 15:53:41] $lty
INFO [2022-08-23 15:53:41] [1] "blank"
INFO [2022-08-23 15:53:41] 
INFO [2022-08-23 15:53:41] $fill
INFO [2022-08-23 15:53:41] myCol
INFO [2022-08-23 15:53:41] 
INFO [2022-08-23 15:53:41] $cex
INFO [2022-08-23 15:53:41] [1] 0.5
INFO [2022-08-23 15:53:41] 
INFO [2022-08-23 15:53:41] $fontface
INFO [2022-08-23 15:53:41] [1] "bold"
INFO [2022-08-23 15:53:41] 
INFO [2022-08-23 15:53:41] $fontfamily
INFO [2022-08-23 15:53:41] [1] "sans"
INFO [2022-08-23 15:53:41] 
INFO [2022-08-23 15:53:41] $cat.cex
INFO [2022-08-23 15:53:41] [1] 0.6
INFO [2022-08-23 15:53:41] 
INFO [2022-08-23 15:53:41] $cat.fontface
INFO [2022-08-23 15:53:41] [1] "bold"
INFO [2022-08-23 15:53:41] 
INFO [2022-08-23 15:53:41] $cat.default.pos
INFO [2022-08-23 15:53:41] [1] "outer"
INFO [2022-08-23 15:53:41] 
INFO [2022-08-23 15:53:41] $cat.pos
INFO [2022-08-23 15:53:41] c(-27, 27)
INFO [2022-08-23 15:53:41] 
INFO [2022-08-23 15:53:41] $cat.dist
INFO [2022-08-23 15:53:41] c(0.055, 0.055)
INFO [2022-08-23 15:53:41] 
INFO [2022-08-23 15:53:41] $cat.fontfamily
INFO [2022-08-23 15:53:41] [1] "sans"
INFO [2022-08-23 15:53:41] 
