INFO [2022-07-25 12:17:59] $x
INFO [2022-07-25 12:17:59] list(genelist_DEGs, genelist_DMGs)
INFO [2022-07-25 12:17:59] 
INFO [2022-07-25 12:17:59] $category.names
INFO [2022-07-25 12:17:59] c("DEGs", "DMGs")
INFO [2022-07-25 12:17:59] 
INFO [2022-07-25 12:17:59] $filename
INFO [2022-07-25 12:17:59] [1] "output/DMG_DEG_venn_diagramm.png"
INFO [2022-07-25 12:17:59] 
INFO [2022-07-25 12:17:59] $output
INFO [2022-07-25 12:17:59] [1] TRUE
INFO [2022-07-25 12:17:59] 
INFO [2022-07-25 12:17:59] $imagetype
INFO [2022-07-25 12:17:59] [1] "png"
INFO [2022-07-25 12:17:59] 
INFO [2022-07-25 12:17:59] $height
INFO [2022-07-25 12:17:59] [1] 480
INFO [2022-07-25 12:17:59] 
INFO [2022-07-25 12:17:59] $width
INFO [2022-07-25 12:17:59] [1] 480
INFO [2022-07-25 12:17:59] 
INFO [2022-07-25 12:17:59] $resolution
INFO [2022-07-25 12:17:59] [1] 300
INFO [2022-07-25 12:17:59] 
INFO [2022-07-25 12:17:59] $compression
INFO [2022-07-25 12:17:59] [1] "lzw"
INFO [2022-07-25 12:17:59] 
INFO [2022-07-25 12:17:59] $lwd
INFO [2022-07-25 12:17:59] [1] 2
INFO [2022-07-25 12:17:59] 
INFO [2022-07-25 12:17:59] $lty
INFO [2022-07-25 12:17:59] [1] "blank"
INFO [2022-07-25 12:17:59] 
INFO [2022-07-25 12:17:59] $fill
INFO [2022-07-25 12:17:59] myCol
INFO [2022-07-25 12:17:59] 
INFO [2022-07-25 12:17:59] $cex
INFO [2022-07-25 12:17:59] [1] 0.5
INFO [2022-07-25 12:17:59] 
INFO [2022-07-25 12:17:59] $fontface
INFO [2022-07-25 12:17:59] [1] "bold"
INFO [2022-07-25 12:17:59] 
INFO [2022-07-25 12:17:59] $fontfamily
INFO [2022-07-25 12:17:59] [1] "sans"
INFO [2022-07-25 12:17:59] 
INFO [2022-07-25 12:17:59] $cat.cex
INFO [2022-07-25 12:17:59] [1] 0.6
INFO [2022-07-25 12:17:59] 
INFO [2022-07-25 12:17:59] $cat.fontface
INFO [2022-07-25 12:17:59] [1] "bold"
INFO [2022-07-25 12:17:59] 
INFO [2022-07-25 12:17:59] $cat.default.pos
INFO [2022-07-25 12:17:59] [1] "outer"
INFO [2022-07-25 12:17:59] 
INFO [2022-07-25 12:17:59] $cat.pos
INFO [2022-07-25 12:17:59] c(-27, 27)
INFO [2022-07-25 12:17:59] 
INFO [2022-07-25 12:17:59] $cat.dist
INFO [2022-07-25 12:17:59] c(0.055, 0.055)
INFO [2022-07-25 12:17:59] 
INFO [2022-07-25 12:17:59] $cat.fontfamily
INFO [2022-07-25 12:17:59] [1] "sans"
INFO [2022-07-25 12:17:59] 
